{"D:\\Hacktiv8\\Final Project\\Final-Project-Hacktiv8\\server\\index.js": {"path":"D:\\Hacktiv8\\Final Project\\Final-Project-Hacktiv8\\server\\index.js","statementMap":{"0":{"start":{"line":1,"column":0},"end":{"line":3,"column":1}},"1":{"start":{"line":2,"column":2},"end":{"line":2,"column":28}},"2":{"start":{"line":4,"column":16},"end":{"line":4,"column":18}},"3":{"start":{"line":6,"column":0},"end":{"line":8,"column":1}},"4":{"start":{"line":7,"column":2},"end":{"line":7,"column":30}},"5":{"start":{"line":10,"column":16},"end":{"line":10,"column":34}},"6":{"start":{"line":11,"column":12},"end":{"line":11,"column":21}},"7":{"start":{"line":12,"column":17},"end":{"line":12,"column":36}},"8":{"start":{"line":13,"column":13},"end":{"line":13,"column":17}},"9":{"start":{"line":14,"column":15},"end":{"line":14,"column":34}},"10":{"start":{"line":16,"column":0},"end":{"line":16,"column":23}},"11":{"start":{"line":17,"column":0},"end":{"line":17,"column":48}},"12":{"start":{"line":19,"column":0},"end":{"line":19,"column":62}},"13":{"start":{"line":20,"column":0},"end":{"line":23,"column":4}},"14":{"start":{"line":22,"column":4},"end":{"line":22,"column":50}},"15":{"start":{"line":28,"column":0},"end":{"line":28,"column":57}},"16":{"start":{"line":28,"column":27},"end":{"line":28,"column":56}},"17":{"start":{"line":29,"column":0},"end":{"line":29,"column":15}},"18":{"start":{"line":33,"column":0},"end":{"line":33,"column":21}}},"fnMap":{"0":{"name":"(anonymous_0)","decl":{"start":{"line":21,"column":16},"end":{"line":21,"column":17}},"loc":{"start":{"line":21,"column":28},"end":{"line":23,"column":3}},"line":21},"1":{"name":"(anonymous_1)","decl":{"start":{"line":28,"column":13},"end":{"line":28,"column":14}},"loc":{"start":{"line":28,"column":27},"end":{"line":28,"column":56}},"line":28}},"branchMap":{"0":{"loc":{"start":{"line":1,"column":0},"end":{"line":3,"column":1}},"type":"if","locations":[{"start":{"line":1,"column":0},"end":{"line":3,"column":1}},{"start":{},"end":{}}],"line":1},"1":{"loc":{"start":{"line":6,"column":0},"end":{"line":8,"column":1}},"type":"if","locations":[{"start":{"line":6,"column":0},"end":{"line":8,"column":1}},{"start":{},"end":{}}],"line":6}},"s":{"0":1,"1":1,"2":1,"3":1,"4":1,"5":1,"6":1,"7":1,"8":1,"9":1,"10":1,"11":1,"12":1,"13":1,"14":1,"15":1,"16":0,"17":1,"18":1},"f":{"0":1,"1":0},"b":{"0":[1,0],"1":[1,0]},"_coverageSchema":"1a1c01bbd47fc00a2c39e90264f33305004495a9","hash":"0496c3b3109e093f692d8c476039e8bc463e8c17"}
,"D:\\Hacktiv8\\Final Project\\Final-Project-Hacktiv8\\server\\controllers\\foodController.js": {"path":"D:\\Hacktiv8\\Final Project\\Final-Project-Hacktiv8\\server\\controllers\\foodController.js","statementMap":{"0":{"start":{"line":1,"column":13},"end":{"line":1,"column":38}},"1":{"start":{"line":2,"column":17},"end":{"line":2,"column":36}},"2":{"start":{"line":3,"column":15},"end":{"line":3,"column":32}},"3":{"start":{"line":4,"column":11},"end":{"line":4,"column":24}},"4":{"start":{"line":5,"column":15},"end":{"line":5,"column":46}},"5":{"start":{"line":6,"column":13},"end":{"line":6,"column":38}},"6":{"start":{"line":8,"column":20},"end":{"line":8,"column":70}},"7":{"start":{"line":9,"column":15},"end":{"line":9,"column":48}},"8":{"start":{"line":15,"column":8},"end":{"line":56,"column":9}},"9":{"start":{"line":17,"column":12},"end":{"line":17,"column":33}},"10":{"start":{"line":18,"column":29},"end":{"line":18,"column":42}},"11":{"start":{"line":19,"column":28},"end":{"line":21,"column":13}},"12":{"start":{"line":22,"column":29},"end":{"line":22,"column":69}},"13":{"start":{"line":23,"column":28},"end":{"line":23,"column":61}},"14":{"start":{"line":24,"column":32},"end":{"line":24,"column":34}},"15":{"start":{"line":25,"column":12},"end":{"line":38,"column":15}},"16":{"start":{"line":27,"column":16},"end":{"line":27,"column":52}},"17":{"start":{"line":28,"column":16},"end":{"line":34,"column":17}},"18":{"start":{"line":30,"column":20},"end":{"line":33,"column":21}},"19":{"start":{"line":32,"column":24},"end":{"line":32,"column":54}},"20":{"start":{"line":35,"column":16},"end":{"line":35,"column":59}},"21":{"start":{"line":36,"column":33},"end":{"line":36,"column":71}},"22":{"start":{"line":37,"column":16},"end":{"line":37,"column":74}},"23":{"start":{"line":37,"column":38},"end":{"line":37,"column":72}},"24":{"start":{"line":39,"column":12},"end":{"line":45,"column":14}},"25":{"start":{"line":41,"column":16},"end":{"line":44,"column":17}},"26":{"start":{"line":43,"column":20},"end":{"line":43,"column":30}},"27":{"start":{"line":46,"column":12},"end":{"line":49,"column":14}},"28":{"start":{"line":52,"column":12},"end":{"line":52,"column":30}},"29":{"start":{"line":53,"column":12},"end":{"line":55,"column":14}},"30":{"start":{"line":60,"column":24},"end":{"line":60,"column":33}},"31":{"start":{"line":61,"column":8},"end":{"line":71,"column":9}},"32":{"start":{"line":63,"column":26},"end":{"line":63,"column":48}},"33":{"start":{"line":64,"column":12},"end":{"line":64,"column":39}},"34":{"start":{"line":67,"column":12},"end":{"line":67,"column":30}},"35":{"start":{"line":68,"column":12},"end":{"line":70,"column":14}},"36":{"start":{"line":75,"column":0},"end":{"line":75,"column":31}}},"fnMap":{"0":{"name":"(anonymous_0)","decl":{"start":{"line":13,"column":4},"end":{"line":13,"column":5}},"loc":{"start":{"line":14,"column":4},"end":{"line":57,"column":5}},"line":14},"1":{"name":"(anonymous_1)","decl":{"start":{"line":25,"column":28},"end":{"line":25,"column":29}},"loc":{"start":{"line":26,"column":12},"end":{"line":38,"column":13}},"line":26},"2":{"name":"(anonymous_2)","decl":{"start":{"line":37,"column":33},"end":{"line":37,"column":34}},"loc":{"start":{"line":37,"column":38},"end":{"line":37,"column":72}},"line":37},"3":{"name":"(anonymous_3)","decl":{"start":{"line":39,"column":37},"end":{"line":39,"column":38}},"loc":{"start":{"line":40,"column":12},"end":{"line":45,"column":13}},"line":40},"4":{"name":"(anonymous_4)","decl":{"start":{"line":58,"column":4},"end":{"line":58,"column":5}},"loc":{"start":{"line":59,"column":4},"end":{"line":72,"column":5}},"line":59}},"branchMap":{"0":{"loc":{"start":{"line":28,"column":16},"end":{"line":34,"column":17}},"type":"if","locations":[{"start":{"line":28,"column":16},"end":{"line":34,"column":17}},{"start":{},"end":{}}],"line":28},"1":{"loc":{"start":{"line":28,"column":20},"end":{"line":28,"column":100}},"type":"binary-expr","locations":[{"start":{"line":28,"column":20},"end":{"line":28,"column":42}},{"start":{"line":28,"column":46},"end":{"line":28,"column":73}},{"start":{"line":28,"column":77},"end":{"line":28,"column":100}}],"line":28},"2":{"loc":{"start":{"line":30,"column":20},"end":{"line":33,"column":21}},"type":"if","locations":[{"start":{"line":30,"column":20},"end":{"line":33,"column":21}},{"start":{},"end":{}}],"line":30},"3":{"loc":{"start":{"line":41,"column":16},"end":{"line":44,"column":17}},"type":"if","locations":[{"start":{"line":41,"column":16},"end":{"line":44,"column":17}},{"start":{},"end":{}}],"line":41}},"s":{"0":1,"1":1,"2":1,"3":1,"4":1,"5":1,"6":1,"7":1,"8":0,"9":0,"10":0,"11":0,"12":0,"13":0,"14":0,"15":0,"16":0,"17":0,"18":0,"19":0,"20":0,"21":0,"22":0,"23":0,"24":0,"25":0,"26":0,"27":0,"28":0,"29":0,"30":0,"31":0,"32":0,"33":0,"34":0,"35":0,"36":1},"f":{"0":0,"1":0,"2":0,"3":0,"4":0},"b":{"0":[0,0],"1":[0,0,0],"2":[0,0],"3":[0,0]},"_coverageSchema":"1a1c01bbd47fc00a2c39e90264f33305004495a9","hash":"0babe3be0013ef0f7b502d92bda960851750e8ab"}
,"D:\\Hacktiv8\\Final Project\\Final-Project-Hacktiv8\\server\\controllers\\index.js": {"path":"D:\\Hacktiv8\\Final Project\\Final-Project-Hacktiv8\\server\\controllers\\index.js","statementMap":{"0":{"start":{"line":1,"column":32},"end":{"line":1,"column":64}},"1":{"start":{"line":2,"column":27},"end":{"line":2,"column":54}},"2":{"start":{"line":4,"column":0},"end":{"line":4,"column":56}}},"fnMap":{},"branchMap":{},"s":{"0":1,"1":1,"2":1},"f":{},"b":{},"_coverageSchema":"1a1c01bbd47fc00a2c39e90264f33305004495a9","hash":"daf6a2de0038b164de5fbc1dca79971541ef69fb"}
,"D:\\Hacktiv8\\Final Project\\Final-Project-Hacktiv8\\server\\controllers\\nutritionController.js": {"path":"D:\\Hacktiv8\\Final Project\\Final-Project-Hacktiv8\\server\\controllers\\nutritionController.js","statementMap":{"0":{"start":{"line":2,"column":23},"end":{"line":2,"column":58}},"1":{"start":{"line":3,"column":16},"end":{"line":3,"column":44}},"2":{"start":{"line":4,"column":22},"end":{"line":4,"column":52}},"3":{"start":{"line":5,"column":19},"end":{"line":5,"column":47}},"4":{"start":{"line":11,"column":4},"end":{"line":27,"column":5}},"5":{"start":{"line":13,"column":19},"end":{"line":13,"column":27}},"6":{"start":{"line":14,"column":26},"end":{"line":14,"column":62}},"7":{"start":{"line":15,"column":23},"end":{"line":15,"column":116}},"8":{"start":{"line":16,"column":19},"end":{"line":16,"column":21}},"9":{"start":{"line":17,"column":6},"end":{"line":21,"column":7}},"10":{"start":{"line":17,"column":19},"end":{"line":17,"column":20}},"11":{"start":{"line":19,"column":26},"end":{"line":19,"column":83}},"12":{"start":{"line":20,"column":8},"end":{"line":20,"column":29}},"13":{"start":{"line":22,"column":6},"end":{"line":22,"column":32}},"14":{"start":{"line":25,"column":6},"end":{"line":25,"column":24}},"15":{"start":{"line":26,"column":6},"end":{"line":26,"column":54}},"16":{"start":{"line":32,"column":4},"end":{"line":42,"column":5}},"17":{"start":{"line":34,"column":28},"end":{"line":34,"column":38}},"18":{"start":{"line":35,"column":19},"end":{"line":35,"column":54}},"19":{"start":{"line":37,"column":6},"end":{"line":37,"column":32}},"20":{"start":{"line":40,"column":6},"end":{"line":40,"column":24}},"21":{"start":{"line":41,"column":6},"end":{"line":41,"column":54}},"22":{"start":{"line":138,"column":4},"end":{"line":218,"column":5}},"23":{"start":{"line":140,"column":30},"end":{"line":140,"column":38}},"24":{"start":{"line":141,"column":19},"end":{"line":141,"column":27}},"25":{"start":{"line":142,"column":26},"end":{"line":142,"column":62}},"26":{"start":{"line":144,"column":6},"end":{"line":144,"column":102}},"27":{"start":{"line":144,"column":49},"end":{"line":144,"column":102}},"28":{"start":{"line":146,"column":18},"end":{"line":163,"column":7}},"29":{"start":{"line":165,"column":25},"end":{"line":165,"column":84}},"30":{"start":{"line":165,"column":42},"end":{"line":165,"column":72}},"31":{"start":{"line":166,"column":20},"end":{"line":185,"column":8}},"32":{"start":{"line":187,"column":21},"end":{"line":187,"column":40}},"33":{"start":{"line":188,"column":22},"end":{"line":188,"column":61}},"34":{"start":{"line":190,"column":6},"end":{"line":197,"column":7}},"35":{"start":{"line":192,"column":8},"end":{"line":192,"column":56}},"36":{"start":{"line":193,"column":8},"end":{"line":196,"column":9}},"37":{"start":{"line":195,"column":10},"end":{"line":195,"column":86}},"38":{"start":{"line":199,"column":23},"end":{"line":199,"column":116}},"39":{"start":{"line":201,"column":24},"end":{"line":204,"column":8}},"40":{"start":{"line":206,"column":6},"end":{"line":206,"column":28}},"41":{"start":{"line":208,"column":6},"end":{"line":208,"column":49}},"42":{"start":{"line":210,"column":6},"end":{"line":210,"column":27}},"43":{"start":{"line":212,"column":6},"end":{"line":212,"column":54}},"44":{"start":{"line":215,"column":6},"end":{"line":217,"column":8}},"45":{"start":{"line":222,"column":4},"end":{"line":237,"column":5}},"46":{"start":{"line":224,"column":21},"end":{"line":224,"column":31}},"47":{"start":{"line":225,"column":23},"end":{"line":225,"column":116}},"48":{"start":{"line":226,"column":20},"end":{"line":226,"column":55}},"49":{"start":{"line":227,"column":6},"end":{"line":227,"column":46}},"50":{"start":{"line":228,"column":6},"end":{"line":228,"column":48}},"51":{"start":{"line":229,"column":6},"end":{"line":229,"column":27}},"52":{"start":{"line":230,"column":6},"end":{"line":232,"column":8}},"53":{"start":{"line":235,"column":6},"end":{"line":235,"column":24}},"54":{"start":{"line":236,"column":6},"end":{"line":236,"column":54}},"55":{"start":{"line":241,"column":0},"end":{"line":241,"column":40}}},"fnMap":{"0":{"name":"(anonymous_0)","decl":{"start":{"line":9,"column":2},"end":{"line":9,"column":3}},"loc":{"start":{"line":10,"column":2},"end":{"line":28,"column":3}},"line":10},"1":{"name":"(anonymous_1)","decl":{"start":{"line":30,"column":2},"end":{"line":30,"column":3}},"loc":{"start":{"line":31,"column":2},"end":{"line":43,"column":3}},"line":31},"2":{"name":"(anonymous_2)","decl":{"start":{"line":45,"column":2},"end":{"line":45,"column":3}},"loc":{"start":{"line":46,"column":2},"end":{"line":219,"column":3}},"line":46},"3":{"name":"(anonymous_3)","decl":{"start":{"line":165,"column":35},"end":{"line":165,"column":36}},"loc":{"start":{"line":165,"column":42},"end":{"line":165,"column":72}},"line":165},"4":{"name":"(anonymous_4)","decl":{"start":{"line":220,"column":2},"end":{"line":220,"column":3}},"loc":{"start":{"line":221,"column":2},"end":{"line":238,"column":3}},"line":221}},"branchMap":{"0":{"loc":{"start":{"line":144,"column":6},"end":{"line":144,"column":102}},"type":"if","locations":[{"start":{"line":144,"column":6},"end":{"line":144,"column":102}},{"start":{},"end":{}}],"line":144},"1":{"loc":{"start":{"line":144,"column":10},"end":{"line":144,"column":47}},"type":"binary-expr","locations":[{"start":{"line":144,"column":10},"end":{"line":144,"column":15}},{"start":{"line":144,"column":19},"end":{"line":144,"column":25}},{"start":{"line":144,"column":29},"end":{"line":144,"column":47}}],"line":144},"2":{"loc":{"start":{"line":193,"column":8},"end":{"line":196,"column":9}},"type":"if","locations":[{"start":{"line":193,"column":8},"end":{"line":196,"column":9}},{"start":{},"end":{}}],"line":193}},"s":{"0":1,"1":1,"2":1,"3":1,"4":0,"5":0,"6":0,"7":0,"8":0,"9":0,"10":0,"11":0,"12":0,"13":0,"14":0,"15":0,"16":0,"17":0,"18":0,"19":0,"20":0,"21":0,"22":0,"23":0,"24":0,"25":0,"26":0,"27":0,"28":0,"29":0,"30":0,"31":0,"32":0,"33":0,"34":0,"35":0,"36":0,"37":0,"38":0,"39":0,"40":0,"41":0,"42":0,"43":0,"44":0,"45":0,"46":0,"47":0,"48":0,"49":0,"50":0,"51":0,"52":0,"53":0,"54":0,"55":1},"f":{"0":0,"1":0,"2":0,"3":0,"4":0},"b":{"0":[0,0],"1":[0,0,0],"2":[0,0]},"_coverageSchema":"1a1c01bbd47fc00a2c39e90264f33305004495a9","hash":"363c4064a624c1fefbd0d0c03ae8384fb15dced3"}
,"D:\\Hacktiv8\\Final Project\\Final-Project-Hacktiv8\\server\\controllers\\pregnancyController.js": {"path":"D:\\Hacktiv8\\Final Project\\Final-Project-Hacktiv8\\server\\controllers\\pregnancyController.js","statementMap":{"0":{"start":{"line":1,"column":22},"end":{"line":1,"column":52}},"1":{"start":{"line":2,"column":13},"end":{"line":2,"column":38}},"2":{"start":{"line":3,"column":16},"end":{"line":3,"column":44}},"3":{"start":{"line":7,"column":4},"end":{"line":30,"column":5}},"4":{"start":{"line":8,"column":19},"end":{"line":8,"column":27}},"5":{"start":{"line":9,"column":26},"end":{"line":9,"column":62}},"6":{"start":{"line":10,"column":28},"end":{"line":10,"column":36}},"7":{"start":{"line":11,"column":6},"end":{"line":13,"column":7}},"8":{"start":{"line":12,"column":8},"end":{"line":12,"column":71}},"9":{"start":{"line":14,"column":23},"end":{"line":18,"column":8}},"10":{"start":{"line":19,"column":6},"end":{"line":19,"column":27}},"11":{"start":{"line":20,"column":6},"end":{"line":20,"column":50}},"12":{"start":{"line":21,"column":6},"end":{"line":21,"column":30}},"13":{"start":{"line":22,"column":6},"end":{"line":24,"column":8}},"14":{"start":{"line":26,"column":6},"end":{"line":26,"column":24}},"15":{"start":{"line":27,"column":6},"end":{"line":29,"column":8}},"16":{"start":{"line":34,"column":4},"end":{"line":44,"column":5}},"17":{"start":{"line":35,"column":19},"end":{"line":35,"column":27}},"18":{"start":{"line":36,"column":26},"end":{"line":36,"column":62}},"19":{"start":{"line":37,"column":19},"end":{"line":37,"column":112}},"20":{"start":{"line":38,"column":6},"end":{"line":38,"column":32}},"21":{"start":{"line":40,"column":6},"end":{"line":40,"column":24}},"22":{"start":{"line":41,"column":6},"end":{"line":43,"column":8}},"23":{"start":{"line":48,"column":0},"end":{"line":48,"column":36}}},"fnMap":{"0":{"name":"(anonymous_0)","decl":{"start":{"line":6,"column":2},"end":{"line":6,"column":3}},"loc":{"start":{"line":6,"column":44},"end":{"line":31,"column":3}},"line":6},"1":{"name":"(anonymous_1)","decl":{"start":{"line":33,"column":2},"end":{"line":33,"column":3}},"loc":{"start":{"line":33,"column":44},"end":{"line":45,"column":3}},"line":33}},"branchMap":{"0":{"loc":{"start":{"line":11,"column":6},"end":{"line":13,"column":7}},"type":"if","locations":[{"start":{"line":11,"column":6},"end":{"line":13,"column":7}},{"start":{},"end":{}}],"line":11},"1":{"loc":{"start":{"line":16,"column":24},"end":{"line":16,"column":65}},"type":"binary-expr","locations":[{"start":{"line":16,"column":24},"end":{"line":16,"column":60}},{"start":{"line":16,"column":64},"end":{"line":16,"column":65}}],"line":16}},"s":{"0":1,"1":1,"2":1,"3":2,"4":2,"5":2,"6":2,"7":2,"8":1,"9":1,"10":1,"11":1,"12":1,"13":1,"14":1,"15":1,"16":1,"17":1,"18":1,"19":1,"20":1,"21":0,"22":0,"23":1},"f":{"0":2,"1":1},"b":{"0":[1,1],"1":[1,0]},"_coverageSchema":"1a1c01bbd47fc00a2c39e90264f33305004495a9","hash":"e1e0b4fb9c0493ce0a5f0a36939ab8bccec524f5"}
,"D:\\Hacktiv8\\Final Project\\Final-Project-Hacktiv8\\server\\controllers\\profileController.js": {"path":"D:\\Hacktiv8\\Final Project\\Final-Project-Hacktiv8\\server\\controllers\\profileController.js","statementMap":{"0":{"start":{"line":1,"column":13},"end":{"line":1,"column":38}},"1":{"start":{"line":2,"column":16},"end":{"line":2,"column":44}},"2":{"start":{"line":8,"column":4},"end":{"line":20,"column":5}},"3":{"start":{"line":10,"column":19},"end":{"line":10,"column":27}},"4":{"start":{"line":11,"column":26},"end":{"line":11,"column":62}},"5":{"start":{"line":12,"column":6},"end":{"line":12,"column":23}},"6":{"start":{"line":13,"column":6},"end":{"line":13,"column":39}},"7":{"start":{"line":16,"column":6},"end":{"line":16,"column":22}},"8":{"start":{"line":17,"column":6},"end":{"line":19,"column":8}},"9":{"start":{"line":25,"column":4},"end":{"line":49,"column":5}},"10":{"start":{"line":27,"column":37},"end":{"line":27,"column":45}},"11":{"start":{"line":28,"column":17},"end":{"line":28,"column":25}},"12":{"start":{"line":29,"column":6},"end":{"line":29,"column":84}},"13":{"start":{"line":30,"column":26},"end":{"line":30,"column":62}},"14":{"start":{"line":31,"column":6},"end":{"line":34,"column":7}},"15":{"start":{"line":33,"column":8},"end":{"line":33,"column":61}},"16":{"start":{"line":35,"column":6},"end":{"line":35,"column":29}},"17":{"start":{"line":36,"column":6},"end":{"line":36,"column":33}},"18":{"start":{"line":37,"column":6},"end":{"line":37,"column":29}},"19":{"start":{"line":38,"column":6},"end":{"line":38,"column":30}},"20":{"start":{"line":39,"column":6},"end":{"line":39,"column":30}},"21":{"start":{"line":40,"column":6},"end":{"line":42,"column":8}},"22":{"start":{"line":45,"column":6},"end":{"line":45,"column":24}},"23":{"start":{"line":46,"column":6},"end":{"line":48,"column":8}},"24":{"start":{"line":53,"column":0},"end":{"line":53,"column":34}}},"fnMap":{"0":{"name":"(anonymous_0)","decl":{"start":{"line":6,"column":2},"end":{"line":6,"column":3}},"loc":{"start":{"line":7,"column":2},"end":{"line":21,"column":3}},"line":7},"1":{"name":"(anonymous_1)","decl":{"start":{"line":23,"column":2},"end":{"line":23,"column":3}},"loc":{"start":{"line":24,"column":2},"end":{"line":50,"column":3}},"line":24}},"branchMap":{"0":{"loc":{"start":{"line":31,"column":6},"end":{"line":34,"column":7}},"type":"if","locations":[{"start":{"line":31,"column":6},"end":{"line":34,"column":7}},{"start":{},"end":{}}],"line":31},"1":{"loc":{"start":{"line":31,"column":10},"end":{"line":31,"column":35}},"type":"binary-expr","locations":[{"start":{"line":31,"column":10},"end":{"line":31,"column":15}},{"start":{"line":31,"column":19},"end":{"line":31,"column":26}},{"start":{"line":31,"column":30},"end":{"line":31,"column":35}}],"line":31}},"s":{"0":1,"1":1,"2":2,"3":2,"4":2,"5":1,"6":1,"7":1,"8":1,"9":2,"10":2,"11":2,"12":2,"13":2,"14":2,"15":1,"16":1,"17":1,"18":1,"19":1,"20":1,"21":1,"22":1,"23":1,"24":1},"f":{"0":2,"1":2},"b":{"0":[1,1],"1":[2,2,2]},"_coverageSchema":"1a1c01bbd47fc00a2c39e90264f33305004495a9","hash":"1b87ee757d4721fd9250c7749259921fff3936aa"}
,"D:\\Hacktiv8\\Final Project\\Final-Project-Hacktiv8\\server\\controllers\\recipeController.js": {"path":"D:\\Hacktiv8\\Final Project\\Final-Project-Hacktiv8\\server\\controllers\\recipeController.js","statementMap":{"0":{"start":{"line":1,"column":15},"end":{"line":1,"column":42}},"1":{"start":{"line":2,"column":13},"end":{"line":2,"column":38}},"2":{"start":{"line":3,"column":16},"end":{"line":3,"column":44}},"3":{"start":{"line":4,"column":19},"end":{"line":4,"column":47}},"4":{"start":{"line":9,"column":8},"end":{"line":30,"column":9}},"5":{"start":{"line":11,"column":25},"end":{"line":11,"column":33}},"6":{"start":{"line":12,"column":32},"end":{"line":12,"column":68}},"7":{"start":{"line":13,"column":32},"end":{"line":13,"column":40}},"8":{"start":{"line":14,"column":12},"end":{"line":20,"column":14}},"9":{"start":{"line":16,"column":31},"end":{"line":16,"column":44}},"10":{"start":{"line":17,"column":16},"end":{"line":17,"column":36}},"11":{"start":{"line":18,"column":16},"end":{"line":18,"column":61}},"12":{"start":{"line":19,"column":16},"end":{"line":19,"column":41}},"13":{"start":{"line":21,"column":12},"end":{"line":23,"column":14}},"14":{"start":{"line":26,"column":12},"end":{"line":26,"column":30}},"15":{"start":{"line":27,"column":12},"end":{"line":29,"column":14}},"16":{"start":{"line":34,"column":8},"end":{"line":51,"column":9}},"17":{"start":{"line":36,"column":25},"end":{"line":36,"column":33}},"18":{"start":{"line":37,"column":32},"end":{"line":37,"column":68}},"19":{"start":{"line":38,"column":28},"end":{"line":38,"column":30}},"20":{"start":{"line":39,"column":12},"end":{"line":43,"column":13}},"21":{"start":{"line":39,"column":25},"end":{"line":39,"column":26}},"22":{"start":{"line":41,"column":31},"end":{"line":41,"column":84}},"23":{"start":{"line":42,"column":16},"end":{"line":42,"column":36}},"24":{"start":{"line":44,"column":12},"end":{"line":44,"column":41}},"25":{"start":{"line":47,"column":12},"end":{"line":47,"column":30}},"26":{"start":{"line":48,"column":12},"end":{"line":50,"column":14}},"27":{"start":{"line":55,"column":8},"end":{"line":74,"column":9}},"28":{"start":{"line":57,"column":27},"end":{"line":57,"column":37}},"29":{"start":{"line":58,"column":25},"end":{"line":58,"column":33}},"30":{"start":{"line":59,"column":32},"end":{"line":59,"column":68}},"31":{"start":{"line":60,"column":26},"end":{"line":60,"column":65}},"32":{"start":{"line":61,"column":12},"end":{"line":61,"column":30}},"33":{"start":{"line":62,"column":12},"end":{"line":62,"column":57}},"34":{"start":{"line":63,"column":12},"end":{"line":63,"column":37}},"35":{"start":{"line":64,"column":12},"end":{"line":64,"column":48}},"36":{"start":{"line":65,"column":12},"end":{"line":67,"column":14}},"37":{"start":{"line":70,"column":12},"end":{"line":70,"column":30}},"38":{"start":{"line":71,"column":12},"end":{"line":73,"column":14}},"39":{"start":{"line":82,"column":0},"end":{"line":82,"column":34}}},"fnMap":{"0":{"name":"(anonymous_0)","decl":{"start":{"line":7,"column":4},"end":{"line":7,"column":5}},"loc":{"start":{"line":8,"column":4},"end":{"line":31,"column":5}},"line":8},"1":{"name":"(anonymous_1)","decl":{"start":{"line":14,"column":28},"end":{"line":14,"column":29}},"loc":{"start":{"line":15,"column":12},"end":{"line":20,"column":13}},"line":15},"2":{"name":"(anonymous_2)","decl":{"start":{"line":32,"column":4},"end":{"line":32,"column":5}},"loc":{"start":{"line":33,"column":4},"end":{"line":52,"column":5}},"line":33},"3":{"name":"(anonymous_3)","decl":{"start":{"line":53,"column":4},"end":{"line":53,"column":5}},"loc":{"start":{"line":54,"column":4},"end":{"line":75,"column":5}},"line":54},"4":{"name":"(anonymous_4)","decl":{"start":{"line":76,"column":4},"end":{"line":76,"column":5}},"loc":{"start":{"line":77,"column":4},"end":{"line":79,"column":5}},"line":77}},"branchMap":{},"s":{"0":1,"1":1,"2":1,"3":1,"4":0,"5":0,"6":0,"7":0,"8":0,"9":0,"10":0,"11":0,"12":0,"13":0,"14":0,"15":0,"16":0,"17":0,"18":0,"19":0,"20":0,"21":0,"22":0,"23":0,"24":0,"25":0,"26":0,"27":0,"28":0,"29":0,"30":0,"31":0,"32":0,"33":0,"34":0,"35":0,"36":0,"37":0,"38":0,"39":1},"f":{"0":0,"1":0,"2":0,"3":0,"4":0},"b":{},"_coverageSchema":"1a1c01bbd47fc00a2c39e90264f33305004495a9","hash":"7a39169604b2c4071e8b081b6dd7b735afc06a6a"}
,"D:\\Hacktiv8\\Final Project\\Final-Project-Hacktiv8\\server\\controllers\\userController.js": {"path":"D:\\Hacktiv8\\Final Project\\Final-Project-Hacktiv8\\server\\controllers\\userController.js","statementMap":{"0":{"start":{"line":1,"column":13},"end":{"line":1,"column":38}},"1":{"start":{"line":2,"column":16},"end":{"line":2,"column":44}},"2":{"start":{"line":3,"column":15},"end":{"line":3,"column":34}},"3":{"start":{"line":4,"column":26},"end":{"line":4,"column":57}},"4":{"start":{"line":10,"column":4},"end":{"line":47,"column":5}},"5":{"start":{"line":12,"column":44},"end":{"line":12,"column":52}},"6":{"start":{"line":13,"column":25},"end":{"line":19,"column":8}},"7":{"start":{"line":20,"column":25},"end":{"line":20,"column":48}},"8":{"start":{"line":21,"column":22},"end":{"line":26,"column":8}},"9":{"start":{"line":27,"column":6},"end":{"line":27,"column":26}},"10":{"start":{"line":28,"column":6},"end":{"line":30,"column":8}},"11":{"start":{"line":33,"column":17},"end":{"line":33,"column":20}},"12":{"start":{"line":34,"column":6},"end":{"line":43,"column":7}},"13":{"start":{"line":36,"column":8},"end":{"line":36,"column":45}},"14":{"start":{"line":37,"column":8},"end":{"line":37,"column":18}},"15":{"start":{"line":39,"column":11},"end":{"line":43,"column":7}},"16":{"start":{"line":41,"column":8},"end":{"line":41,"column":45}},"17":{"start":{"line":42,"column":8},"end":{"line":42,"column":18}},"18":{"start":{"line":44,"column":6},"end":{"line":46,"column":8}},"19":{"start":{"line":52,"column":4},"end":{"line":95,"column":5}},"20":{"start":{"line":54,"column":37},"end":{"line":54,"column":45}},"21":{"start":{"line":55,"column":17},"end":{"line":55,"column":21}},"22":{"start":{"line":57,"column":6},"end":{"line":64,"column":7}},"23":{"start":{"line":59,"column":8},"end":{"line":59,"column":57}},"24":{"start":{"line":60,"column":8},"end":{"line":63,"column":9}},"25":{"start":{"line":62,"column":10},"end":{"line":62,"column":56}},"26":{"start":{"line":65,"column":6},"end":{"line":88,"column":7}},"27":{"start":{"line":67,"column":8},"end":{"line":67,"column":64}},"28":{"start":{"line":70,"column":8},"end":{"line":87,"column":12}},"29":{"start":{"line":74,"column":12},"end":{"line":86,"column":13}},"30":{"start":{"line":76,"column":35},"end":{"line":76,"column":69}},"31":{"start":{"line":77,"column":14},"end":{"line":80,"column":16}},"32":{"start":{"line":83,"column":14},"end":{"line":85,"column":16}},"33":{"start":{"line":92,"column":6},"end":{"line":94,"column":8}},"34":{"start":{"line":99,"column":0},"end":{"line":99,"column":35}}},"fnMap":{"0":{"name":"(anonymous_0)","decl":{"start":{"line":8,"column":2},"end":{"line":8,"column":3}},"loc":{"start":{"line":9,"column":2},"end":{"line":48,"column":3}},"line":9},"1":{"name":"(anonymous_1)","decl":{"start":{"line":50,"column":2},"end":{"line":50,"column":3}},"loc":{"start":{"line":51,"column":2},"end":{"line":96,"column":3}},"line":51},"2":{"name":"(anonymous_2)","decl":{"start":{"line":72,"column":16},"end":{"line":72,"column":17}},"loc":{"start":{"line":73,"column":10},"end":{"line":87,"column":11}},"line":73}},"branchMap":{"0":{"loc":{"start":{"line":34,"column":6},"end":{"line":43,"column":7}},"type":"if","locations":[{"start":{"line":34,"column":6},"end":{"line":43,"column":7}},{"start":{"line":39,"column":11},"end":{"line":43,"column":7}}],"line":34},"1":{"loc":{"start":{"line":39,"column":11},"end":{"line":43,"column":7}},"type":"if","locations":[{"start":{"line":39,"column":11},"end":{"line":43,"column":7}},{"start":{},"end":{}}],"line":39},"2":{"loc":{"start":{"line":57,"column":6},"end":{"line":64,"column":7}},"type":"if","locations":[{"start":{"line":57,"column":6},"end":{"line":64,"column":7}},{"start":{},"end":{}}],"line":57},"3":{"loc":{"start":{"line":60,"column":8},"end":{"line":63,"column":9}},"type":"if","locations":[{"start":{"line":60,"column":8},"end":{"line":63,"column":9}},{"start":{},"end":{}}],"line":60},"4":{"loc":{"start":{"line":65,"column":6},"end":{"line":88,"column":7}},"type":"if","locations":[{"start":{"line":65,"column":6},"end":{"line":88,"column":7}},{"start":{"line":69,"column":6},"end":{"line":88,"column":7}}],"line":65},"5":{"loc":{"start":{"line":74,"column":12},"end":{"line":86,"column":13}},"type":"if","locations":[{"start":{"line":74,"column":12},"end":{"line":86,"column":13}},{"start":{"line":82,"column":12},"end":{"line":86,"column":13}}],"line":74}},"s":{"0":1,"1":1,"2":1,"3":1,"4":4,"5":4,"6":4,"7":4,"8":4,"9":4,"10":1,"11":3,"12":3,"13":2,"14":2,"15":1,"16":1,"17":1,"18":3,"19":6,"20":6,"21":6,"22":6,"23":6,"24":6,"25":4,"26":6,"27":3,"28":3,"29":3,"30":2,"31":2,"32":1,"33":3,"34":1},"f":{"0":4,"1":6,"2":3},"b":{"0":[2,1],"1":[1,0],"2":[6,0],"3":[4,2],"4":[3,3],"5":[2,1]},"_coverageSchema":"1a1c01bbd47fc00a2c39e90264f33305004495a9","hash":"d4a2ef0a107c1b00683225e68172a960eb49990b"}
,"D:\\Hacktiv8\\Final Project\\Final-Project-Hacktiv8\\server\\helpers\\OpenAI.js": {"path":"D:\\Hacktiv8\\Final Project\\Final-Project-Hacktiv8\\server\\helpers\\OpenAI.js","statementMap":{"0":{"start":{"line":1,"column":15},"end":{"line":1,"column":32}},"1":{"start":{"line":2,"column":15},"end":{"line":2,"column":65}},"2":{"start":{"line":4,"column":15},"end":{"line":11,"column":1}},"3":{"start":{"line":5,"column":25},"end":{"line":8,"column":4}},"4":{"start":{"line":10,"column":2},"end":{"line":10,"column":31}},"5":{"start":{"line":13,"column":0},"end":{"line":13,"column":27}}},"fnMap":{"0":{"name":"(anonymous_0)","decl":{"start":{"line":4,"column":15},"end":{"line":4,"column":16}},"loc":{"start":{"line":4,"column":33},"end":{"line":11,"column":1}},"line":4}},"branchMap":{},"s":{"0":1,"1":1,"2":1,"3":0,"4":0,"5":1},"f":{"0":0},"b":{},"_coverageSchema":"1a1c01bbd47fc00a2c39e90264f33305004495a9","hash":"65367382558baf38eed3e2069dc30f6f6f390e52"}
,"D:\\Hacktiv8\\Final Project\\Final-Project-Hacktiv8\\server\\helpers\\jwtHelper.js": {"path":"D:\\Hacktiv8\\Final Project\\Final-Project-Hacktiv8\\server\\helpers\\jwtHelper.js","statementMap":{"0":{"start":{"line":1,"column":12},"end":{"line":1,"column":35}},"1":{"start":{"line":2,"column":19},"end":{"line":2,"column":41}},"2":{"start":{"line":6,"column":4},"end":{"line":6,"column":41}},"3":{"start":{"line":11,"column":20},"end":{"line":11,"column":49}},"4":{"start":{"line":12,"column":4},"end":{"line":12,"column":24}},"5":{"start":{"line":13,"column":4},"end":{"line":13,"column":19}},"6":{"start":{"line":16,"column":0},"end":{"line":19,"column":1}}},"fnMap":{"0":{"name":"generateToken","decl":{"start":{"line":4,"column":9},"end":{"line":4,"column":22}},"loc":{"start":{"line":5,"column":0},"end":{"line":7,"column":1}},"line":5},"1":{"name":"verifyToken","decl":{"start":{"line":9,"column":9},"end":{"line":9,"column":20}},"loc":{"start":{"line":10,"column":0},"end":{"line":14,"column":1}},"line":10}},"branchMap":{},"s":{"0":1,"1":1,"2":4,"3":9,"4":8,"5":8,"6":1},"f":{"0":4,"1":9},"b":{},"_coverageSchema":"1a1c01bbd47fc00a2c39e90264f33305004495a9","hash":"cefaa01723d5a1fb045815d1941896bd84da7913"}
,"D:\\Hacktiv8\\Final Project\\Final-Project-Hacktiv8\\server\\middleware\\authentication.js": {"path":"D:\\Hacktiv8\\Final Project\\Final-Project-Hacktiv8\\server\\middleware\\authentication.js","statementMap":{"0":{"start":{"line":1,"column":13},"end":{"line":1,"column":38}},"1":{"start":{"line":2,"column":24},"end":{"line":2,"column":55}},"2":{"start":{"line":4,"column":23},"end":{"line":32,"column":1}},"3":{"start":{"line":6,"column":4},"end":{"line":31,"column":5}},"4":{"start":{"line":8,"column":33},"end":{"line":8,"column":44}},"5":{"start":{"line":9,"column":8},"end":{"line":9,"column":33}},"6":{"start":{"line":10,"column":8},"end":{"line":13,"column":9}},"7":{"start":{"line":12,"column":12},"end":{"line":12,"column":69}},"8":{"start":{"line":14,"column":21},"end":{"line":14,"column":46}},"9":{"start":{"line":16,"column":21},"end":{"line":16,"column":49}},"10":{"start":{"line":18,"column":8},"end":{"line":21,"column":9}},"11":{"start":{"line":20,"column":12},"end":{"line":20,"column":69}},"12":{"start":{"line":23,"column":8},"end":{"line":23,"column":24}},"13":{"start":{"line":25,"column":8},"end":{"line":25,"column":15}},"14":{"start":{"line":28,"column":8},"end":{"line":30,"column":10}},"15":{"start":{"line":34,"column":0},"end":{"line":34,"column":32}}},"fnMap":{"0":{"name":"(anonymous_0)","decl":{"start":{"line":4,"column":23},"end":{"line":4,"column":24}},"loc":{"start":{"line":5,"column":0},"end":{"line":32,"column":1}},"line":5}},"branchMap":{"0":{"loc":{"start":{"line":10,"column":8},"end":{"line":13,"column":9}},"type":"if","locations":[{"start":{"line":10,"column":8},"end":{"line":13,"column":9}},{"start":{},"end":{}}],"line":10},"1":{"loc":{"start":{"line":18,"column":8},"end":{"line":21,"column":9}},"type":"if","locations":[{"start":{"line":18,"column":8},"end":{"line":21,"column":9}},{"start":{},"end":{}}],"line":18}},"s":{"0":1,"1":1,"2":1,"3":10,"4":10,"5":10,"6":10,"7":1,"8":9,"9":8,"10":8,"11":1,"12":7,"13":7,"14":3,"15":1},"f":{"0":10},"b":{"0":[1,9],"1":[1,7]},"_coverageSchema":"1a1c01bbd47fc00a2c39e90264f33305004495a9","hash":"9c6eee1d0904c413cee4db6c8437bfb179550074"}
,"D:\\Hacktiv8\\Final Project\\Final-Project-Hacktiv8\\server\\models\\DailyNutrition.js": {"path":"D:\\Hacktiv8\\Final Project\\Final-Project-Hacktiv8\\server\\models\\DailyNutrition.js","statementMap":{"0":{"start":{"line":1,"column":17},"end":{"line":1,"column":36}},"1":{"start":{"line":3,"column":29},"end":{"line":9,"column":2}},"2":{"start":{"line":11,"column":23},"end":{"line":11,"column":81}},"3":{"start":{"line":13,"column":0},"end":{"line":13,"column":32}}},"fnMap":{},"branchMap":{},"s":{"0":1,"1":1,"2":1,"3":1},"f":{},"b":{},"_coverageSchema":"1a1c01bbd47fc00a2c39e90264f33305004495a9","hash":"32f9c696ab8ca858bb13fa1a702fc30c5cb281f8"}
,"D:\\Hacktiv8\\Final Project\\Final-Project-Hacktiv8\\server\\models\\Food.js": {"path":"D:\\Hacktiv8\\Final Project\\Final-Project-Hacktiv8\\server\\models\\Food.js","statementMap":{"0":{"start":{"line":1,"column":17},"end":{"line":1,"column":36}},"1":{"start":{"line":3,"column":19},"end":{"line":14,"column":2}},"2":{"start":{"line":16,"column":13},"end":{"line":16,"column":47}},"3":{"start":{"line":18,"column":0},"end":{"line":18,"column":22}}},"fnMap":{},"branchMap":{},"s":{"0":1,"1":1,"2":1,"3":1},"f":{},"b":{},"_coverageSchema":"1a1c01bbd47fc00a2c39e90264f33305004495a9","hash":"5ad6448b770fcdc180fd8076664ca0107551e52d"}
,"D:\\Hacktiv8\\Final Project\\Final-Project-Hacktiv8\\server\\models\\Pregnancy.js": {"path":"D:\\Hacktiv8\\Final Project\\Final-Project-Hacktiv8\\server\\models\\Pregnancy.js","statementMap":{"0":{"start":{"line":1,"column":17},"end":{"line":1,"column":36}},"1":{"start":{"line":2,"column":18},"end":{"line":2,"column":38}},"2":{"start":{"line":4,"column":28},"end":{"line":17,"column":2}},"3":{"start":{"line":19,"column":22},"end":{"line":19,"column":78}},"4":{"start":{"line":21,"column":0},"end":{"line":21,"column":31}}},"fnMap":{},"branchMap":{},"s":{"0":1,"1":1,"2":1,"3":1,"4":1},"f":{},"b":{},"_coverageSchema":"1a1c01bbd47fc00a2c39e90264f33305004495a9","hash":"3805435d8f8f6e1bf4207ce35ec6c40c325661c2"}
,"D:\\Hacktiv8\\Final Project\\Final-Project-Hacktiv8\\server\\models\\Profile.js": {"path":"D:\\Hacktiv8\\Final Project\\Final-Project-Hacktiv8\\server\\models\\Profile.js","statementMap":{"0":{"start":{"line":1,"column":17},"end":{"line":1,"column":36}},"1":{"start":{"line":2,"column":18},"end":{"line":2,"column":38}},"2":{"start":{"line":4,"column":22},"end":{"line":25,"column":2}},"3":{"start":{"line":27,"column":16},"end":{"line":27,"column":60}},"4":{"start":{"line":29,"column":0},"end":{"line":29,"column":25}}},"fnMap":{},"branchMap":{},"s":{"0":1,"1":1,"2":1,"3":1,"4":1},"f":{},"b":{},"_coverageSchema":"1a1c01bbd47fc00a2c39e90264f33305004495a9","hash":"6dac0c46e24b15c529452c2ea615ad1c13fe93d3"}
,"D:\\Hacktiv8\\Final Project\\Final-Project-Hacktiv8\\server\\models\\Recipe.js": {"path":"D:\\Hacktiv8\\Final Project\\Final-Project-Hacktiv8\\server\\models\\Recipe.js","statementMap":{"0":{"start":{"line":1,"column":17},"end":{"line":1,"column":36}},"1":{"start":{"line":3,"column":21},"end":{"line":21,"column":2}},"2":{"start":{"line":23,"column":15},"end":{"line":23,"column":53}},"3":{"start":{"line":25,"column":0},"end":{"line":25,"column":24}}},"fnMap":{},"branchMap":{},"s":{"0":1,"1":1,"2":1,"3":1},"f":{},"b":{},"_coverageSchema":"1a1c01bbd47fc00a2c39e90264f33305004495a9","hash":"cf2f9b0be3cb78e05f46358470dc5620740c4b4e"}
,"D:\\Hacktiv8\\Final Project\\Final-Project-Hacktiv8\\server\\models\\User.js": {"path":"D:\\Hacktiv8\\Final Project\\Final-Project-Hacktiv8\\server\\models\\User.js","statementMap":{"0":{"start":{"line":1,"column":17},"end":{"line":1,"column":36}},"1":{"start":{"line":2,"column":18},"end":{"line":2,"column":38}},"2":{"start":{"line":3,"column":15},"end":{"line":3,"column":34}},"3":{"start":{"line":4,"column":26},"end":{"line":4,"column":46}},"4":{"start":{"line":6,"column":19},"end":{"line":48,"column":2}},"5":{"start":{"line":15,"column":16},"end":{"line":15,"column":41}},"6":{"start":{"line":27,"column":16},"end":{"line":27,"column":47}},"7":{"start":{"line":39,"column":16},"end":{"line":39,"column":41}},"8":{"start":{"line":50,"column":0},"end":{"line":61,"column":3}},"9":{"start":{"line":52,"column":4},"end":{"line":55,"column":5}},"10":{"start":{"line":54,"column":8},"end":{"line":54,"column":22}},"11":{"start":{"line":56,"column":17},"end":{"line":56,"column":39}},"12":{"start":{"line":57,"column":27},"end":{"line":57,"column":63}},"13":{"start":{"line":58,"column":4},"end":{"line":58,"column":35}},"14":{"start":{"line":60,"column":4},"end":{"line":60,"column":18}},"15":{"start":{"line":63,"column":13},"end":{"line":63,"column":51}},"16":{"start":{"line":65,"column":0},"end":{"line":65,"column":22}}},"fnMap":{"0":{"name":"(anonymous_0)","decl":{"start":{"line":13,"column":23},"end":{"line":13,"column":24}},"loc":{"start":{"line":14,"column":12},"end":{"line":16,"column":13}},"line":14},"1":{"name":"(anonymous_1)","decl":{"start":{"line":25,"column":23},"end":{"line":25,"column":24}},"loc":{"start":{"line":26,"column":12},"end":{"line":28,"column":13}},"line":26},"2":{"name":"(anonymous_2)","decl":{"start":{"line":37,"column":23},"end":{"line":37,"column":24}},"loc":{"start":{"line":38,"column":12},"end":{"line":40,"column":13}},"line":38},"3":{"name":"(anonymous_3)","decl":{"start":{"line":50,"column":23},"end":{"line":50,"column":24}},"loc":{"start":{"line":51,"column":0},"end":{"line":61,"column":1}},"line":51}},"branchMap":{"0":{"loc":{"start":{"line":52,"column":4},"end":{"line":55,"column":5}},"type":"if","locations":[{"start":{"line":52,"column":4},"end":{"line":55,"column":5}},{"start":{},"end":{}}],"line":52}},"s":{"0":1,"1":1,"2":1,"3":1,"4":1,"5":5,"6":5,"7":6,"8":1,"9":4,"10":1,"11":3,"12":3,"13":3,"14":3,"15":1,"16":1},"f":{"0":5,"1":5,"2":6,"3":4},"b":{"0":[1,3]},"_coverageSchema":"1a1c01bbd47fc00a2c39e90264f33305004495a9","hash":"300e948edbdc6630eabc9d2f5ab51e45b9f17725"}
,"D:\\Hacktiv8\\Final Project\\Final-Project-Hacktiv8\\server\\routes\\foods.js": {"path":"D:\\Hacktiv8\\Final Project\\Final-Project-Hacktiv8\\server\\routes\\foods.js","statementMap":{"0":{"start":{"line":1,"column":16},"end":{"line":1,"column":34}},"1":{"start":{"line":2,"column":15},"end":{"line":2,"column":31}},"2":{"start":{"line":3,"column":23},"end":{"line":3,"column":63}},"3":{"start":{"line":5,"column":0},"end":{"line":5,"column":46}},"4":{"start":{"line":7,"column":0},"end":{"line":7,"column":24}}},"fnMap":{},"branchMap":{},"s":{"0":1,"1":1,"2":1,"3":1,"4":1},"f":{},"b":{},"_coverageSchema":"1a1c01bbd47fc00a2c39e90264f33305004495a9","hash":"5718a138d537f109597cecd138343e01c8f8b86b"}
,"D:\\Hacktiv8\\Final Project\\Final-Project-Hacktiv8\\server\\routes\\index.js": {"path":"D:\\Hacktiv8\\Final Project\\Final-Project-Hacktiv8\\server\\routes\\index.js","statementMap":{"0":{"start":{"line":1,"column":18},"end":{"line":1,"column":46}},"1":{"start":{"line":2,"column":13},"end":{"line":2,"column":36}},"2":{"start":{"line":3,"column":16},"end":{"line":3,"column":36}},"3":{"start":{"line":4,"column":23},"end":{"line":4,"column":62}},"4":{"start":{"line":5,"column":18},"end":{"line":5,"column":40}},"5":{"start":{"line":6,"column":16},"end":{"line":6,"column":34}},"6":{"start":{"line":7,"column":15},"end":{"line":7,"column":31}},"7":{"start":{"line":8,"column":13},"end":{"line":8,"column":31}},"8":{"start":{"line":9,"column":15},"end":{"line":9,"column":35}},"9":{"start":{"line":11,"column":0},"end":{"line":11,"column":16}},"10":{"start":{"line":12,"column":0},"end":{"line":12,"column":26}},"11":{"start":{"line":13,"column":0},"end":{"line":13,"column":21}},"12":{"start":{"line":14,"column":0},"end":{"line":14,"column":19}},"13":{"start":{"line":15,"column":0},"end":{"line":15,"column":16}},"14":{"start":{"line":16,"column":0},"end":{"line":16,"column":18}},"15":{"start":{"line":17,"column":0},"end":{"line":17,"column":21}},"16":{"start":{"line":19,"column":0},"end":{"line":19,"column":23}}},"fnMap":{},"branchMap":{},"s":{"0":1,"1":1,"2":1,"3":1,"4":1,"5":1,"6":1,"7":1,"8":1,"9":1,"10":1,"11":1,"12":1,"13":1,"14":1,"15":1,"16":1},"f":{},"b":{},"_coverageSchema":"1a1c01bbd47fc00a2c39e90264f33305004495a9","hash":"79f47ed99cde7f5c50beed97b7cdef4c88b783e5"}
,"D:\\Hacktiv8\\Final Project\\Final-Project-Hacktiv8\\server\\routes\\nutrition_route.js": {"path":"D:\\Hacktiv8\\Final Project\\Final-Project-Hacktiv8\\server\\routes\\nutrition_route.js","statementMap":{"0":{"start":{"line":1,"column":16},"end":{"line":1,"column":34}},"1":{"start":{"line":2,"column":15},"end":{"line":2,"column":31}},"2":{"start":{"line":4,"column":32},"end":{"line":4,"column":57}},"3":{"start":{"line":6,"column":0},"end":{"line":6,"column":60}},"4":{"start":{"line":7,"column":0},"end":{"line":7,"column":61}},"5":{"start":{"line":8,"column":0},"end":{"line":8,"column":70}},"6":{"start":{"line":10,"column":0},"end":{"line":10,"column":23}}},"fnMap":{},"branchMap":{},"s":{"0":1,"1":1,"2":1,"3":1,"4":1,"5":1,"6":1},"f":{},"b":{},"_coverageSchema":"1a1c01bbd47fc00a2c39e90264f33305004495a9","hash":"d7dc3ea67cbd3319b9899fa41cf58249983d3367"}
,"D:\\Hacktiv8\\Final Project\\Final-Project-Hacktiv8\\server\\routes\\pregnancy.js": {"path":"D:\\Hacktiv8\\Final Project\\Final-Project-Hacktiv8\\server\\routes\\pregnancy.js","statementMap":{"0":{"start":{"line":1,"column":16},"end":{"line":1,"column":34}},"1":{"start":{"line":2,"column":28},"end":{"line":2,"column":73}},"2":{"start":{"line":3,"column":15},"end":{"line":3,"column":31}},"3":{"start":{"line":5,"column":0},"end":{"line":5,"column":61}},"4":{"start":{"line":6,"column":0},"end":{"line":6,"column":62}},"5":{"start":{"line":9,"column":0},"end":{"line":9,"column":24}}},"fnMap":{},"branchMap":{},"s":{"0":1,"1":1,"2":1,"3":1,"4":1,"5":1},"f":{},"b":{},"_coverageSchema":"1a1c01bbd47fc00a2c39e90264f33305004495a9","hash":"6f3a524ba39e7cd271f342b7c241d8fe4c7b6fa9"}
,"D:\\Hacktiv8\\Final Project\\Final-Project-Hacktiv8\\server\\routes\\profile.js": {"path":"D:\\Hacktiv8\\Final Project\\Final-Project-Hacktiv8\\server\\routes\\profile.js","statementMap":{"0":{"start":{"line":1,"column":16},"end":{"line":1,"column":34}},"1":{"start":{"line":2,"column":15},"end":{"line":2,"column":31}},"2":{"start":{"line":3,"column":26},"end":{"line":3,"column":69}},"3":{"start":{"line":5,"column":0},"end":{"line":5,"column":54}},"4":{"start":{"line":6,"column":0},"end":{"line":6,"column":57}},"5":{"start":{"line":9,"column":0},"end":{"line":9,"column":24}}},"fnMap":{},"branchMap":{},"s":{"0":1,"1":1,"2":1,"3":1,"4":1,"5":1},"f":{},"b":{},"_coverageSchema":"1a1c01bbd47fc00a2c39e90264f33305004495a9","hash":"f211d6a68a05e8c449822cda76ecb673a8b3d78b"}
,"D:\\Hacktiv8\\Final Project\\Final-Project-Hacktiv8\\server\\routes\\recipes.js": {"path":"D:\\Hacktiv8\\Final Project\\Final-Project-Hacktiv8\\server\\routes\\recipes.js","statementMap":{"0":{"start":{"line":1,"column":16},"end":{"line":1,"column":34}},"1":{"start":{"line":2,"column":15},"end":{"line":2,"column":31}},"2":{"start":{"line":3,"column":25},"end":{"line":3,"column":67}},"3":{"start":{"line":5,"column":0},"end":{"line":5,"column":52}},"4":{"start":{"line":6,"column":0},"end":{"line":6,"column":52}},"5":{"start":{"line":7,"column":0},"end":{"line":7,"column":61}},"6":{"start":{"line":9,"column":0},"end":{"line":9,"column":23}}},"fnMap":{},"branchMap":{},"s":{"0":1,"1":1,"2":1,"3":1,"4":1,"5":1,"6":1},"f":{},"b":{},"_coverageSchema":"1a1c01bbd47fc00a2c39e90264f33305004495a9","hash":"e3078349f2bc29755a06b4a378ae657cf010c09d"}
,"D:\\Hacktiv8\\Final Project\\Final-Project-Hacktiv8\\server\\routes\\user_route.js": {"path":"D:\\Hacktiv8\\Final Project\\Final-Project-Hacktiv8\\server\\routes\\user_route.js","statementMap":{"0":{"start":{"line":1,"column":16},"end":{"line":1,"column":34}},"1":{"start":{"line":2,"column":15},"end":{"line":2,"column":31}},"2":{"start":{"line":3,"column":27},"end":{"line":3,"column":52}},"3":{"start":{"line":5,"column":0},"end":{"line":5,"column":57}},"4":{"start":{"line":6,"column":0},"end":{"line":6,"column":53}},"5":{"start":{"line":8,"column":0},"end":{"line":8,"column":23}}},"fnMap":{},"branchMap":{},"s":{"0":1,"1":1,"2":1,"3":1,"4":1,"5":1},"f":{},"b":{},"_coverageSchema":"1a1c01bbd47fc00a2c39e90264f33305004495a9","hash":"c607dc9e0579607ce67b5583bb809e9ac7db7b46"}
}
