TN:
SF:index.js
FN:21,(anonymous_0)
FN:28,(anonymous_1)
FNF:2
FNH:1
FNDA:1,(anonymous_0)
FNDA:0,(anonymous_1)
DA:1,1
DA:2,1
DA:4,1
DA:6,1
DA:7,1
DA:10,1
DA:11,1
DA:12,1
DA:13,1
DA:14,1
DA:16,1
DA:17,1
DA:19,1
DA:20,1
DA:22,1
DA:28,1
DA:29,1
DA:33,1
LF:18
LH:18
BRDA:1,0,0,1
BRDA:1,0,1,0
BRDA:6,1,0,1
BRDA:6,1,1,0
BRF:4
BRH:2
end_of_record
TN:
SF:controllers\foodController.js
FN:13,(anonymous_0)
FN:25,(anonymous_1)
FN:37,(anonymous_2)
FN:39,(anonymous_3)
FN:58,(anonymous_4)
FNF:5
FNH:0
FNDA:0,(anonymous_0)
FNDA:0,(anonymous_1)
FNDA:0,(anonymous_2)
FNDA:0,(anonymous_3)
FNDA:0,(anonymous_4)
DA:1,1
DA:2,1
DA:3,1
DA:4,1
DA:5,1
DA:6,1
DA:8,1
DA:9,1
DA:15,0
DA:17,0
DA:18,0
DA:19,0
DA:22,0
DA:23,0
DA:24,0
DA:25,0
DA:27,0
DA:28,0
DA:30,0
DA:32,0
DA:35,0
DA:36,0
DA:37,0
DA:39,0
DA:41,0
DA:43,0
DA:46,0
DA:52,0
DA:53,0
DA:60,0
DA:61,0
DA:63,0
DA:64,0
DA:67,0
DA:68,0
DA:75,1
LF:36
LH:9
BRDA:28,0,0,0
BRDA:28,0,1,0
BRDA:28,1,0,0
BRDA:28,1,1,0
BRDA:28,1,2,0
BRDA:30,2,0,0
BRDA:30,2,1,0
BRDA:41,3,0,0
BRDA:41,3,1,0
BRF:9
BRH:0
end_of_record
TN:
SF:controllers\index.js
FNF:0
FNH:0
DA:1,1
DA:2,1
DA:4,1
LF:3
LH:3
BRF:0
BRH:0
end_of_record
TN:
SF:controllers\nutritionController.js
FN:9,(anonymous_0)
FN:30,(anonymous_1)
FN:45,(anonymous_2)
FN:165,(anonymous_3)
FN:220,(anonymous_4)
FNF:5
FNH:0
FNDA:0,(anonymous_0)
FNDA:0,(anonymous_1)
FNDA:0,(anonymous_2)
FNDA:0,(anonymous_3)
FNDA:0,(anonymous_4)
DA:2,1
DA:3,1
DA:4,1
DA:5,1
DA:11,0
DA:13,0
DA:14,0
DA:15,0
DA:16,0
DA:17,0
DA:19,0
DA:20,0
DA:22,0
DA:25,0
DA:26,0
DA:32,0
DA:34,0
DA:35,0
DA:37,0
DA:40,0
DA:41,0
DA:138,0
DA:140,0
DA:141,0
DA:142,0
DA:144,0
DA:146,0
DA:165,0
DA:166,0
DA:187,0
DA:188,0
DA:190,0
DA:192,0
DA:193,0
DA:195,0
DA:199,0
DA:201,0
DA:206,0
DA:208,0
DA:210,0
DA:212,0
DA:215,0
DA:222,0
DA:224,0
DA:225,0
DA:226,0
DA:227,0
DA:228,0
DA:229,0
DA:230,0
DA:235,0
DA:236,0
DA:241,1
LF:53
LH:5
BRDA:144,0,0,0
BRDA:144,0,1,0
BRDA:144,1,0,0
BRDA:144,1,1,0
BRDA:144,1,2,0
BRDA:193,2,0,0
BRDA:193,2,1,0
BRF:7
BRH:0
end_of_record
TN:
SF:controllers\pregnancyController.js
FN:6,(anonymous_0)
FN:33,(anonymous_1)
FNF:2
FNH:2
FNDA:2,(anonymous_0)
FNDA:1,(anonymous_1)
DA:1,1
DA:2,1
DA:3,1
DA:7,2
DA:8,2
DA:9,2
DA:10,2
DA:11,2
DA:12,1
DA:14,1
DA:19,1
DA:20,1
DA:21,1
DA:22,1
DA:26,1
DA:27,1
DA:34,1
DA:35,1
DA:36,1
DA:37,1
DA:38,1
DA:40,0
DA:41,0
DA:48,1
LF:24
LH:22
BRDA:11,0,0,1
BRDA:11,0,1,1
BRDA:16,1,0,1
BRDA:16,1,1,0
BRF:4
BRH:3
end_of_record
TN:
SF:controllers\profileController.js
FN:6,(anonymous_0)
FN:23,(anonymous_1)
FNF:2
FNH:2
FNDA:2,(anonymous_0)
FNDA:2,(anonymous_1)
DA:1,1
DA:2,1
DA:8,2
DA:10,2
DA:11,2
DA:12,1
DA:13,1
DA:16,1
DA:17,1
DA:25,2
DA:27,2
DA:28,2
DA:29,2
DA:30,2
DA:31,2
DA:33,1
DA:35,1
DA:36,1
DA:37,1
DA:38,1
DA:39,1
DA:40,1
DA:45,1
DA:46,1
DA:53,1
LF:25
LH:25
BRDA:31,0,0,1
BRDA:31,0,1,1
BRDA:31,1,0,2
BRDA:31,1,1,2
BRDA:31,1,2,2
BRF:5
BRH:5
end_of_record
TN:
SF:controllers\recipeController.js
FN:7,(anonymous_0)
FN:14,(anonymous_1)
FN:32,(anonymous_2)
FN:53,(anonymous_3)
FN:76,(anonymous_4)
FNF:5
FNH:0
FNDA:0,(anonymous_0)
FNDA:0,(anonymous_1)
FNDA:0,(anonymous_2)
FNDA:0,(anonymous_3)
FNDA:0,(anonymous_4)
DA:1,1
DA:2,1
DA:3,1
DA:4,1
DA:9,0
DA:11,0
DA:12,0
DA:13,0
DA:14,0
DA:16,0
DA:17,0
DA:18,0
DA:19,0
DA:21,0
DA:26,0
DA:27,0
DA:34,0
DA:36,0
DA:37,0
DA:38,0
DA:39,0
DA:41,0
DA:42,0
DA:44,0
DA:47,0
DA:48,0
DA:55,0
DA:57,0
DA:58,0
DA:59,0
DA:60,0
DA:61,0
DA:62,0
DA:63,0
DA:64,0
DA:65,0
DA:70,0
DA:71,0
DA:82,1
LF:39
LH:5
BRF:0
BRH:0
end_of_record
TN:
SF:controllers\userController.js
FN:8,(anonymous_0)
FN:50,(anonymous_1)
FN:72,(anonymous_2)
FNF:3
FNH:3
FNDA:4,(anonymous_0)
FNDA:6,(anonymous_1)
FNDA:3,(anonymous_2)
DA:1,1
DA:2,1
DA:3,1
DA:4,1
DA:10,4
DA:12,4
DA:13,4
DA:20,4
DA:21,4
DA:27,4
DA:28,1
DA:33,3
DA:34,3
DA:36,2
DA:37,2
DA:39,1
DA:41,1
DA:42,1
DA:44,3
DA:52,6
DA:54,6
DA:55,6
DA:57,6
DA:59,6
DA:60,6
DA:62,4
DA:65,6
DA:67,3
DA:70,3
DA:74,3
DA:76,2
DA:77,2
DA:83,1
DA:92,3
DA:99,1
LF:35
LH:35
BRDA:34,0,0,2
BRDA:34,0,1,1
BRDA:39,1,0,1
BRDA:39,1,1,0
BRDA:57,2,0,6
BRDA:57,2,1,0
BRDA:60,3,0,4
BRDA:60,3,1,2
BRDA:65,4,0,3
BRDA:65,4,1,3
BRDA:74,5,0,2
BRDA:74,5,1,1
BRF:12
BRH:10
end_of_record
TN:
SF:helpers\OpenAI.js
FN:4,(anonymous_0)
FNF:1
FNH:0
FNDA:0,(anonymous_0)
DA:1,1
DA:2,1
DA:4,1
DA:5,0
DA:10,0
DA:13,1
LF:6
LH:4
BRF:0
BRH:0
end_of_record
TN:
SF:helpers\jwtHelper.js
FN:4,generateToken
FN:9,verifyToken
FNF:2
FNH:2
FNDA:4,generateToken
FNDA:9,verifyToken
DA:1,1
DA:2,1
DA:6,4
DA:11,9
DA:12,8
DA:13,8
DA:16,1
LF:7
LH:7
BRF:0
BRH:0
end_of_record
TN:
SF:middleware\authentication.js
FN:4,(anonymous_0)
FNF:1
FNH:1
FNDA:10,(anonymous_0)
DA:1,1
DA:2,1
DA:4,1
DA:6,10
DA:8,10
DA:9,10
DA:10,10
DA:12,1
DA:14,9
DA:16,8
DA:18,8
DA:20,1
DA:23,7
DA:25,7
DA:28,3
DA:34,1
LF:16
LH:16
BRDA:10,0,0,1
BRDA:10,0,1,9
BRDA:18,1,0,1
BRDA:18,1,1,7
BRF:4
BRH:4
end_of_record
TN:
SF:models\DailyNutrition.js
FNF:0
FNH:0
DA:1,1
DA:3,1
DA:11,1
DA:13,1
LF:4
LH:4
BRF:0
BRH:0
end_of_record
TN:
SF:models\Food.js
FNF:0
FNH:0
DA:1,1
DA:3,1
DA:16,1
DA:18,1
LF:4
LH:4
BRF:0
BRH:0
end_of_record
TN:
SF:models\Pregnancy.js
FNF:0
FNH:0
DA:1,1
DA:2,1
DA:4,1
DA:19,1
DA:21,1
LF:5
LH:5
BRF:0
BRH:0
end_of_record
TN:
SF:models\Profile.js
FNF:0
FNH:0
DA:1,1
DA:2,1
DA:4,1
DA:27,1
DA:29,1
LF:5
LH:5
BRF:0
BRH:0
end_of_record
TN:
SF:models\Recipe.js
FNF:0
FNH:0
DA:1,1
DA:3,1
DA:23,1
DA:25,1
LF:4
LH:4
BRF:0
BRH:0
end_of_record
TN:
SF:models\User.js
FN:13,(anonymous_0)
FN:25,(anonymous_1)
FN:37,(anonymous_2)
FN:50,(anonymous_3)
FNF:4
FNH:4
FNDA:5,(anonymous_0)
FNDA:5,(anonymous_1)
FNDA:6,(anonymous_2)
FNDA:4,(anonymous_3)
DA:1,1
DA:2,1
DA:3,1
DA:4,1
DA:6,1
DA:15,5
DA:27,5
DA:39,6
DA:50,1
DA:52,4
DA:54,1
DA:56,3
DA:57,3
DA:58,3
DA:60,3
DA:63,1
DA:65,1
LF:17
LH:17
BRDA:52,0,0,1
BRDA:52,0,1,3
BRF:2
BRH:2
end_of_record
TN:
SF:routes\foods.js
FNF:0
FNH:0
DA:1,1
DA:2,1
DA:3,1
DA:5,1
DA:7,1
LF:5
LH:5
BRF:0
BRH:0
end_of_record
TN:
SF:routes\index.js
FNF:0
FNH:0
DA:1,1
DA:2,1
DA:3,1
DA:4,1
DA:5,1
DA:6,1
DA:7,1
DA:8,1
DA:9,1
DA:11,1
DA:12,1
DA:13,1
DA:14,1
DA:15,1
DA:16,1
DA:17,1
DA:19,1
LF:17
LH:17
BRF:0
BRH:0
end_of_record
TN:
SF:routes\nutrition_route.js
FNF:0
FNH:0
DA:1,1
DA:2,1
DA:4,1
DA:6,1
DA:7,1
DA:8,1
DA:10,1
LF:7
LH:7
BRF:0
BRH:0
end_of_record
TN:
SF:routes\pregnancy.js
FNF:0
FNH:0
DA:1,1
DA:2,1
DA:3,1
DA:5,1
DA:6,1
DA:9,1
LF:6
LH:6
BRF:0
BRH:0
end_of_record
TN:
SF:routes\profile.js
FNF:0
FNH:0
DA:1,1
DA:2,1
DA:3,1
DA:5,1
DA:6,1
DA:9,1
LF:6
LH:6
BRF:0
BRH:0
end_of_record
TN:
SF:routes\recipes.js
FNF:0
FNH:0
DA:1,1
DA:2,1
DA:3,1
DA:5,1
DA:6,1
DA:7,1
DA:9,1
LF:7
LH:7
BRF:0
BRH:0
end_of_record
TN:
SF:routes\user_route.js
FNF:0
FNH:0
DA:1,1
DA:2,1
DA:3,1
DA:5,1
DA:6,1
DA:8,1
LF:6
LH:6
BRF:0
BRH:0
end_of_record
